<?xml version="1.0" encoding="UTF-8"?>
<testng-results ignored="0" total="1" passed="1" failed="0" skipped="0">
  <reporter-output>
  </reporter-output>
  <suite started-at="2019-03-10T21:06:05Z" name="Default suite" finished-at="2019-03-10T21:06:12Z" duration-ms="6935">
    <groups>
    </groups>
    <test started-at="2019-03-10T21:06:05Z" name="Default test" finished-at="2019-03-10T21:06:12Z" duration-ms="6935">
      <class name="com.qa.testPackage.GoogleTest">
        <test-method signature="googleCheck()[pri:0, instance:com.qa.testPackage.GoogleTest@305b7c14]" started-at="2019-03-10T21:06:05Z" name="googleCheck" finished-at="2019-03-10T21:06:12Z" duration-ms="6885" status="PASS">
          <reporter-output>
          </reporter-output>
        </test-method> <!-- googleCheck -->
      </class> <!-- com.qa.testPackage.GoogleTest -->
    </test> <!-- Default test -->
  </suite> <!-- Default suite -->
</testng-results>
